[0.013s] Invoking command in '/home/iko/zed_ws/build/zed_tutorial_video': CMAKE_PREFIX_PATH=${CMAKE_PREFIX_PATH}:/opt/ros/humble /usr/local/bin/cmake /home/iko/zed_ws/src/zed-ros2-examples/tutorials/zed_video_tutorial -DAMENT_CMAKE_SYMLINK_INSTALL=1 -DCMAKE_INSTALL_PREFIX=/home/iko/zed_ws/install/zed_tutorial_video
[0.053s] -- The C compiler identification is GNU 11.4.0
[0.097s] -- The CXX compiler identification is GNU 11.4.0
[0.102s] -- Detecting C compiler ABI info
[0.148s] -- Detecting C compiler ABI info - done
[0.155s] -- Check for working C compiler: /usr/bin/cc - skipped
[0.155s] -- Detecting C compile features
[0.155s] -- Detecting C compile features - done
[0.157s] -- Detecting CXX compiler ABI info
[0.208s] -- Detecting CXX compiler ABI info - done
[0.214s] -- Check for working CXX compiler: /usr/bin/c++ - skipped
[0.214s] -- Detecting CXX compile features
[0.215s] -- Detecting CXX compile features - done
[0.216s] -- Found ament_cmake_auto: 1.3.12 (/opt/ros/humble/share/ament_cmake_auto/cmake)
[0.463s] -- Found Python3: /usr/bin/python3 (found version "3.10.12") found components: Interpreter 
[0.511s] -- Override CMake install command with custom implementation using symlinks instead of copying resources
[0.610s] -- Found rosidl_generator_c: 3.1.7 (/opt/ros/humble/share/rosidl_generator_c/cmake)
[0.613s] -- Found rosidl_adapter: 3.1.7 (/opt/ros/humble/share/rosidl_adapter/cmake)
[0.619s] -- Found rosidl_generator_cpp: 3.1.7 (/opt/ros/humble/share/rosidl_generator_cpp/cmake)
[0.628s] -- Using all available rosidl_typesupport_c: rosidl_typesupport_fastrtps_c;rosidl_typesupport_introspection_c
[0.639s] -- Using all available rosidl_typesupport_cpp: rosidl_typesupport_fastrtps_cpp;rosidl_typesupport_introspection_cpp
[0.671s] -- Found rmw_implementation_cmake: 6.1.2 (/opt/ros/humble/share/rmw_implementation_cmake/cmake)
[0.672s] -- Found rmw_fastrtps_cpp: 6.2.8 (/opt/ros/humble/share/rmw_fastrtps_cpp/cmake)
[0.736s] -- Found OpenSSL: /usr/lib/x86_64-linux-gnu/libcrypto.so (found version "3.0.2")  
[0.762s] -- Found FastRTPS: /opt/ros/humble/include  
[0.801s] -- Using RMW implementation 'rmw_fastrtps_cpp' as default
[0.807s] -- Looking for pthread.h
[0.853s] -- Looking for pthread.h - found
[0.853s] -- Performing Test CMAKE_HAVE_LIBC_PTHREAD
[0.901s] -- Performing Test CMAKE_HAVE_LIBC_PTHREAD - Success
[0.902s] -- Found Threads: TRUE  
[0.963s] -- Found ament_lint_auto: 0.12.14 (/opt/ros/humble/share/ament_lint_auto/cmake)
[0.968s] -- Configuring done
[0.977s] -- Generating done
[0.979s] -- Build files have been written to: /home/iko/zed_ws/build/zed_tutorial_video
[0.989s] Invoked command in '/home/iko/zed_ws/build/zed_tutorial_video' returned '0': CMAKE_PREFIX_PATH=${CMAKE_PREFIX_PATH}:/opt/ros/humble /usr/local/bin/cmake /home/iko/zed_ws/src/zed-ros2-examples/tutorials/zed_video_tutorial -DAMENT_CMAKE_SYMLINK_INSTALL=1 -DCMAKE_INSTALL_PREFIX=/home/iko/zed_ws/install/zed_tutorial_video
[0.990s] Invoking command in '/home/iko/zed_ws/build/zed_tutorial_video': CMAKE_PREFIX_PATH=${CMAKE_PREFIX_PATH}:/opt/ros/humble /usr/local/bin/cmake --build /home/iko/zed_ws/build/zed_tutorial_video -- -j16 -l16
[1.017s] [ 50%] [32mBuilding CXX object CMakeFiles/zed_tutorial_video.dir/src/zed_video_sub_tutorial.cpp.o[0m
[11.474s] [100%] [32m[1mLinking CXX executable zed_tutorial_video[0m
[11.593s] [100%] Built target zed_tutorial_video
[11.600s] Invoked command in '/home/iko/zed_ws/build/zed_tutorial_video' returned '0': CMAKE_PREFIX_PATH=${CMAKE_PREFIX_PATH}:/opt/ros/humble /usr/local/bin/cmake --build /home/iko/zed_ws/build/zed_tutorial_video -- -j16 -l16
[11.601s] Invoking command in '/home/iko/zed_ws/build/zed_tutorial_video': CMAKE_PREFIX_PATH=${CMAKE_PREFIX_PATH}:/opt/ros/humble /usr/local/bin/cmake --install /home/iko/zed_ws/build/zed_tutorial_video
[11.605s] -- Install configuration: "Release"
[11.606s] -- Execute custom install script
[11.606s] -- Symlinking: /home/iko/zed_ws/install/zed_tutorial_video/lib/zed_tutorial_video/zed_tutorial_video
[11.610s] -- Symlinking: /home/iko/zed_ws/install/zed_tutorial_video/share/ament_index/resource_index/package_run_dependencies/zed_tutorial_video
[11.614s] -- Symlinking: /home/iko/zed_ws/install/zed_tutorial_video/share/ament_index/resource_index/parent_prefix_path/zed_tutorial_video
[11.617s] -- Symlinking: /home/iko/zed_ws/install/zed_tutorial_video/share/zed_tutorial_video/environment/ament_prefix_path.sh
[11.621s] -- Symlinking: /home/iko/zed_ws/install/zed_tutorial_video/share/zed_tutorial_video/environment/ament_prefix_path.dsv
[11.625s] -- Symlinking: /home/iko/zed_ws/install/zed_tutorial_video/share/zed_tutorial_video/environment/path.sh
[11.629s] -- Symlinking: /home/iko/zed_ws/install/zed_tutorial_video/share/zed_tutorial_video/environment/path.dsv
[11.633s] -- Symlinking: /home/iko/zed_ws/install/zed_tutorial_video/share/zed_tutorial_video/local_setup.bash
[11.636s] -- Symlinking: /home/iko/zed_ws/install/zed_tutorial_video/share/zed_tutorial_video/local_setup.sh
[11.639s] -- Symlinking: /home/iko/zed_ws/install/zed_tutorial_video/share/zed_tutorial_video/local_setup.zsh
[11.643s] -- Symlinking: /home/iko/zed_ws/install/zed_tutorial_video/share/zed_tutorial_video/local_setup.dsv
[11.647s] -- Symlinking: /home/iko/zed_ws/install/zed_tutorial_video/share/zed_tutorial_video/package.dsv
[11.650s] -- Symlinking: /home/iko/zed_ws/install/zed_tutorial_video/share/ament_index/resource_index/packages/zed_tutorial_video
[11.655s] -- Symlinking: /home/iko/zed_ws/install/zed_tutorial_video/share/zed_tutorial_video/cmake/zed_tutorial_videoConfig.cmake
[11.660s] -- Symlinking: /home/iko/zed_ws/install/zed_tutorial_video/share/zed_tutorial_video/cmake/zed_tutorial_videoConfig-version.cmake
[11.664s] -- Symlinking: /home/iko/zed_ws/install/zed_tutorial_video/share/zed_tutorial_video/package.xml
[11.670s] Invoked command in '/home/iko/zed_ws/build/zed_tutorial_video' returned '0': CMAKE_PREFIX_PATH=${CMAKE_PREFIX_PATH}:/opt/ros/humble /usr/local/bin/cmake --install /home/iko/zed_ws/build/zed_tutorial_video
