[0.000000] (-) TimerEvent: {}
[0.000290] (-) JobUnselected: {'identifier': 'rviz_plugin_zed_od'}
[0.000333] (-) JobUnselected: {'identifier': 'zed_aruco_localization'}
[0.000360] (-) JobUnselected: {'identifier': 'zed_components'}
[0.000374] (-) JobUnselected: {'identifier': 'zed_depth_to_laserscan'}
[0.000388] (-) JobUnselected: {'identifier': 'zed_display_rviz2'}
[0.000398] (-) JobUnselected: {'identifier': 'zed_ipc'}
[0.000413] (-) JobUnselected: {'identifier': 'zed_msgs'}
[0.000423] (-) JobUnselected: {'identifier': 'zed_multi_camera'}
[0.000431] (-) JobUnselected: {'identifier': 'zed_rgb_convert'}
[0.000439] (-) JobUnselected: {'identifier': 'zed_robot_integration'}
[0.000447] (-) JobUnselected: {'identifier': 'zed_ros2'}
[0.000455] (-) JobUnselected: {'identifier': 'zed_topic_benchmark'}
[0.000463] (-) JobUnselected: {'identifier': 'zed_topic_benchmark_component'}
[0.000471] (-) JobUnselected: {'identifier': 'zed_topic_benchmark_interfaces'}
[0.000479] (-) JobUnselected: {'identifier': 'zed_tutorial_depth'}
[0.000487] (-) JobUnselected: {'identifier': 'zed_tutorial_pos_tracking'}
[0.000495] (-) JobUnselected: {'identifier': 'zed_tutorial_video'}
[0.000503] (-) JobUnselected: {'identifier': 'zed_wrapper'}
[0.000511] (-) EventReactorShutdown: {}
