[0.007s] Invoking command in '/home/iko/zed_ws/build/rviz_plugin_zed_od': AMENT_PREFIX_PATH=/home/iko/zed_ws/install/zed_msgs:${AMENT_PREFIX_PATH} CMAKE_PREFIX_PATH=/home/iko/zed_ws/install/zed_msgs:/home/iko/orbslam_ws/ORB_SLAM3:/home/iko/zed_ws/install/zed_tutorial_video:/home/iko/zed_ws/install/zed_tutorial_pos_tracking:/home/iko/zed_ws/install/zed_tutorial_depth:/opt/ros/humble LD_LIBRARY_PATH=/home/iko/zed_ws/install/zed_msgs/lib:/opt/ros/humble/opt/rviz_ogre_vendor/lib:/opt/ros/humble/lib/x86_64-linux-gnu:/opt/ros/humble/lib:/home/iko/orbslam_ws/ORB_SLAM3/lib PYTHONPATH=/home/iko/zed_ws/install/zed_msgs/local/lib/python3.10/dist-packages:${PYTHONPATH} /usr/local/bin/cmake /home/iko/zed_ws/src/zed-ros2-examples/rviz-plugin-zed-od -DAMENT_CMAKE_SYMLINK_INSTALL=1 -DCMAKE_INSTALL_PREFIX=/home/iko/zed_ws/install/rviz_plugin_zed_od
[0.052s] -- The C compiler identification is GNU 11.4.0
[0.100s] -- The CXX compiler identification is GNU 11.4.0
[0.106s] -- Detecting C compiler ABI info
[0.155s] -- Detecting C compiler ABI info - done
[0.161s] -- Check for working C compiler: /usr/bin/cc - skipped
[0.161s] -- Detecting C compile features
[0.161s] -- Detecting C compile features - done
[0.164s] -- Detecting CXX compiler ABI info
[0.221s] -- Detecting CXX compiler ABI info - done
[0.229s] -- Check for working CXX compiler: /usr/bin/c++ - skipped
[0.229s] -- Detecting CXX compile features
[0.230s] -- Detecting CXX compile features - done
[0.230s] -- Enabling tests requiring a display
[0.231s] -- Found ament_cmake_auto: 1.3.12 (/opt/ros/humble/share/ament_cmake_auto/cmake)
[0.481s] -- Found Python3: /usr/bin/python3 (found version "3.10.12") found components: Interpreter 
[0.533s] -- Override CMake install command with custom implementation using symlinks instead of copying resources
[0.618s] -- Setting OGRE_DIR to: '/opt/ros/humble/share/rviz_ogre_vendor/cmake/../../../opt/rviz_ogre_vendor/lib/OGRE/cmake'
[0.619s] -- Found OGRE
[0.619s] --   static     : OFF
[0.620s] --   components : HLMS;MeshLodGenerator;Overlay;Paging;Property;RTShaderSystem;Terrain;Volume
[0.620s] --   plugins    : Plugin_BSPSceneManager;Plugin_OctreeSceneManager;Plugin_PCZSceneManager;Plugin_ParticleFX;RenderSystem_GL;RenderSystem_GL3Plus;Codec_STBI
[0.620s] --   media      : /opt/ros/humble/opt/rviz_ogre_vendor/share/OGRE/Media
[0.620s] -- OGRE_LIBRARIES: OgreHLMS;OgreMeshLodGenerator;OgreOverlay;OgrePaging;OgreProperty;OgreRTShaderSystem;OgreTerrain;OgreVolume;OgreMain
[0.620s] -- OGRE_LIBRARY_DIRS: /opt/ros/humble/opt/rviz_ogre_vendor/lib
[0.620s] -- OGRE_PLUGINS: Plugin_BSPSceneManager;Plugin_OctreeSceneManager;Plugin_PCZSceneManager;Plugin_ParticleFX;RenderSystem_GL;RenderSystem_GL3Plus;Codec_STBI
[0.620s] -- OGRE_PLUGIN_DIR: /opt/ros/humble/opt/rviz_ogre_vendor/lib/OGRE
[0.620s] -- rviz_ogre_vendor::OgreOverlay for IMPORTED_LOCATION_RELEASE: /opt/ros/humble/opt/rviz_ogre_vendor/lib/libOgreOverlay.so
[0.620s] -- rviz_ogre_vendor::OgreOverlay for IMPORTED_LOCATION_DEBUG: /opt/ros/humble/opt/rviz_ogre_vendor/lib/libOgreOverlay.so
[0.620s] -- rviz_ogre_vendor::OgreMain for IMPORTED_LOCATION_RELEASE: /opt/ros/humble/opt/rviz_ogre_vendor/lib/libOgreMain.so
[0.620s] -- rviz_ogre_vendor::OgreMain for IMPORTED_LOCATION_DEBUG: /opt/ros/humble/opt/rviz_ogre_vendor/lib/libOgreMain.so
[0.646s] -- Found ZLIB: /usr/lib/x86_64-linux-gnu/libz.so (found version "1.2.11") 
[0.651s] -- Found OpenGL: /usr/lib/x86_64-linux-gnu/libOpenGL.so   
[0.727s] -- Found X11: /usr/include   
[0.727s] -- Looking for XOpenDisplay in /usr/lib/x86_64-linux-gnu/libX11.so;/usr/lib/x86_64-linux-gnu/libXext.so
[0.782s] -- Looking for XOpenDisplay in /usr/lib/x86_64-linux-gnu/libX11.so;/usr/lib/x86_64-linux-gnu/libXext.so - found
[0.782s] -- Looking for gethostbyname
[0.834s] -- Looking for gethostbyname - found
[0.834s] -- Looking for connect
[0.887s] -- Looking for connect - found
[0.887s] -- Looking for remove
[0.938s] -- Looking for remove - found
[0.938s] -- Looking for shmat
[0.992s] -- Looking for shmat - found
[0.992s] -- Looking for IceConnectionNumber in ICE
[1.044s] -- Looking for IceConnectionNumber in ICE - found
[1.071s] -- Found rosidl_generator_c: 3.1.7 (/opt/ros/humble/share/rosidl_generator_c/cmake)
[1.076s] -- Found rosidl_adapter: 3.1.7 (/opt/ros/humble/share/rosidl_adapter/cmake)
[1.083s] -- Found rosidl_generator_cpp: 3.1.7 (/opt/ros/humble/share/rosidl_generator_cpp/cmake)
[1.093s] -- Using all available rosidl_typesupport_c: rosidl_typesupport_fastrtps_c;rosidl_typesupport_introspection_c
[1.106s] -- Using all available rosidl_typesupport_cpp: rosidl_typesupport_fastrtps_cpp;rosidl_typesupport_introspection_cpp
[1.163s] -- Found rviz_common: 11.2.19 (/opt/ros/humble/share/rviz_common/cmake)
[1.191s] -- Setting assimp_DIR to: '/opt/ros/humble/share/rviz_assimp_vendor/cmake/../../../opt/rviz_assimp_vendor/lib/cmake/assimp-4.1'
[1.286s] -- library: /usr/lib/x86_64-linux-gnu/libcurl.so
[1.346s] -- Found rmw_implementation_cmake: 6.1.2 (/opt/ros/humble/share/rmw_implementation_cmake/cmake)
[1.348s] -- Found rmw_fastrtps_cpp: 6.2.8 (/opt/ros/humble/share/rmw_fastrtps_cpp/cmake)
[1.369s] -- Found TinyXML2 via Config file: TinyXML2_DIR-NOTFOUND
[1.417s] -- Found OpenSSL: /usr/lib/x86_64-linux-gnu/libcrypto.so (found version "3.0.2")  
[1.419s] -- Found TinyXML2 via Config file: TinyXML2_DIR-NOTFOUND
[1.432s] -- Found FastRTPS: /opt/ros/humble/include  
[1.434s] -- Found TinyXML2 via Config file: TinyXML2_DIR-NOTFOUND
[1.441s] -- Found TinyXML2 via Config file: TinyXML2_DIR-NOTFOUND
[1.450s] -- Using RMW implementation 'rmw_fastrtps_cpp' as default
[1.458s] -- Looking for pthread.h
[1.511s] -- Looking for pthread.h - found
[1.511s] -- Performing Test CMAKE_HAVE_LIBC_PTHREAD
[1.566s] -- Performing Test CMAKE_HAVE_LIBC_PTHREAD - Success
[1.566s] -- Found Threads: TRUE  
[1.623s] -- Found Eigen3: TRUE (found version "3.4.0") 
[1.623s] -- Ensuring Eigen3 include directory is part of orocos-kdl CMake target
[1.714s] -- Found ament_lint_auto: 0.12.14 (/opt/ros/humble/share/ament_lint_auto/cmake)
[1.738s] -- Added test 'copyright' to check source files copyright and LICENSE
[1.740s] -- Added test 'cppcheck' to perform static code analysis on C / C++ code
[1.740s] -- Configured cppcheck include dirs: /home/iko/zed_ws/src/zed-ros2-examples/rviz-plugin-zed-od/src/include;/home/iko/zed_ws/src/zed-ros2-examples/rviz-plugin-zed-od/src/plugin/include;$<BUILD_INTERFACE:/home/iko/zed_ws/src/zed-ros2-examples/rviz-plugin-zed-od/include>
[1.741s] -- Configured cppcheck exclude dirs and/or files: 
[1.742s] -- Added test 'cpplint' to check C / C++ code against the Google style
[1.742s] -- Configured cpplint exclude dirs and/or files: 
[1.743s] -- Added test 'lint_cmake' to check CMake code style
[1.745s] -- Added test 'uncrustify' to check C / C++ code style
[1.746s] -- Configured uncrustify additional arguments: 
[1.746s] -- Added test 'xmllint' to check XML markup files
[1.747s] -- Added test 'clang_format' to check C / C++ code style
[1.750s] -- Configuring done
[1.791s] -- Generating done
[1.796s] -- Build files have been written to: /home/iko/zed_ws/build/rviz_plugin_zed_od
[1.810s] Invoked command in '/home/iko/zed_ws/build/rviz_plugin_zed_od' returned '0': AMENT_PREFIX_PATH=/home/iko/zed_ws/install/zed_msgs:${AMENT_PREFIX_PATH} CMAKE_PREFIX_PATH=/home/iko/zed_ws/install/zed_msgs:/home/iko/orbslam_ws/ORB_SLAM3:/home/iko/zed_ws/install/zed_tutorial_video:/home/iko/zed_ws/install/zed_tutorial_pos_tracking:/home/iko/zed_ws/install/zed_tutorial_depth:/opt/ros/humble LD_LIBRARY_PATH=/home/iko/zed_ws/install/zed_msgs/lib:/opt/ros/humble/opt/rviz_ogre_vendor/lib:/opt/ros/humble/lib/x86_64-linux-gnu:/opt/ros/humble/lib:/home/iko/orbslam_ws/ORB_SLAM3/lib PYTHONPATH=/home/iko/zed_ws/install/zed_msgs/local/lib/python3.10/dist-packages:${PYTHONPATH} /usr/local/bin/cmake /home/iko/zed_ws/src/zed-ros2-examples/rviz-plugin-zed-od -DAMENT_CMAKE_SYMLINK_INSTALL=1 -DCMAKE_INSTALL_PREFIX=/home/iko/zed_ws/install/rviz_plugin_zed_od
[1.813s] Invoking command in '/home/iko/zed_ws/build/rviz_plugin_zed_od': AMENT_PREFIX_PATH=/home/iko/zed_ws/install/zed_msgs:${AMENT_PREFIX_PATH} CMAKE_PREFIX_PATH=/home/iko/zed_ws/install/zed_msgs:/home/iko/orbslam_ws/ORB_SLAM3:/home/iko/zed_ws/install/zed_tutorial_video:/home/iko/zed_ws/install/zed_tutorial_pos_tracking:/home/iko/zed_ws/install/zed_tutorial_depth:/opt/ros/humble LD_LIBRARY_PATH=/home/iko/zed_ws/install/zed_msgs/lib:/opt/ros/humble/opt/rviz_ogre_vendor/lib:/opt/ros/humble/lib/x86_64-linux-gnu:/opt/ros/humble/lib:/home/iko/orbslam_ws/ORB_SLAM3/lib PYTHONPATH=/home/iko/zed_ws/install/zed_msgs/local/lib/python3.10/dist-packages:${PYTHONPATH} /usr/local/bin/cmake --build /home/iko/zed_ws/build/rviz_plugin_zed_od -- -j16 -l16
[1.849s] [ 20%] [34m[1mAutomatic MOC and UIC for target rviz_plugin_zed_od[0m
[2.461s] [ 20%] Built target rviz_plugin_zed_od_autogen
[2.476s] [ 80%] [32mBuilding CXX object CMakeFiles/rviz_plugin_zed_od.dir/src/plugin/src/zed_od_display.cpp.o[0m
[2.477s] [ 80%] [32mBuilding CXX object CMakeFiles/rviz_plugin_zed_od.dir/rviz_plugin_zed_od_autogen/mocs_compilation.cpp.o[0m
[2.477s] [ 80%] [32mBuilding CXX object CMakeFiles/rviz_plugin_zed_od.dir/src/plugin/src/zed_od_info.cpp.o[0m
[15.026s] [100%] [32m[1mLinking CXX shared library librviz_plugin_zed_od.so[0m
[16.150s] [100%] Built target rviz_plugin_zed_od
[16.156s] Invoked command in '/home/iko/zed_ws/build/rviz_plugin_zed_od' returned '0': AMENT_PREFIX_PATH=/home/iko/zed_ws/install/zed_msgs:${AMENT_PREFIX_PATH} CMAKE_PREFIX_PATH=/home/iko/zed_ws/install/zed_msgs:/home/iko/orbslam_ws/ORB_SLAM3:/home/iko/zed_ws/install/zed_tutorial_video:/home/iko/zed_ws/install/zed_tutorial_pos_tracking:/home/iko/zed_ws/install/zed_tutorial_depth:/opt/ros/humble LD_LIBRARY_PATH=/home/iko/zed_ws/install/zed_msgs/lib:/opt/ros/humble/opt/rviz_ogre_vendor/lib:/opt/ros/humble/lib/x86_64-linux-gnu:/opt/ros/humble/lib:/home/iko/orbslam_ws/ORB_SLAM3/lib PYTHONPATH=/home/iko/zed_ws/install/zed_msgs/local/lib/python3.10/dist-packages:${PYTHONPATH} /usr/local/bin/cmake --build /home/iko/zed_ws/build/rviz_plugin_zed_od -- -j16 -l16
[16.157s] Invoking command in '/home/iko/zed_ws/build/rviz_plugin_zed_od': AMENT_PREFIX_PATH=/home/iko/zed_ws/install/zed_msgs:${AMENT_PREFIX_PATH} CMAKE_PREFIX_PATH=/home/iko/zed_ws/install/zed_msgs:/home/iko/orbslam_ws/ORB_SLAM3:/home/iko/zed_ws/install/zed_tutorial_video:/home/iko/zed_ws/install/zed_tutorial_pos_tracking:/home/iko/zed_ws/install/zed_tutorial_depth:/opt/ros/humble LD_LIBRARY_PATH=/home/iko/zed_ws/install/zed_msgs/lib:/opt/ros/humble/opt/rviz_ogre_vendor/lib:/opt/ros/humble/lib/x86_64-linux-gnu:/opt/ros/humble/lib:/home/iko/orbslam_ws/ORB_SLAM3/lib PYTHONPATH=/home/iko/zed_ws/install/zed_msgs/local/lib/python3.10/dist-packages:${PYTHONPATH} /usr/local/bin/cmake --install /home/iko/zed_ws/build/rviz_plugin_zed_od
[16.160s] -- Install configuration: ""
[16.161s] -- Execute custom install script
[16.161s] -- Symlinking: /home/iko/zed_ws/install/rviz_plugin_zed_od/share/rviz_plugin_zed_od//plugins_description.xml
[16.164s] -- Symlinking: /home/iko/zed_ws/install/rviz_plugin_zed_od/share/rviz_plugin_zed_od/environment/library_path.sh
[16.169s] -- Symlinking: /home/iko/zed_ws/install/rviz_plugin_zed_od/share/rviz_plugin_zed_od/environment/library_path.dsv
[16.173s] -- Symlinking: /home/iko/zed_ws/install/rviz_plugin_zed_od/include/rviz_plugin_zed_od//visibility_control.hpp
[16.176s] -- Symlinking: /home/iko/zed_ws/install/rviz_plugin_zed_od/include/rviz_plugin_zed_od//zed_body_parts.hpp
[16.181s] -- Symlinking: /home/iko/zed_ws/install/rviz_plugin_zed_od/include/rviz_plugin_zed_od//zed_od_display.hpp
[16.184s] -- Symlinking: /home/iko/zed_ws/install/rviz_plugin_zed_od/include/rviz_plugin_zed_od//zed_od_info.hpp
[16.188s] -- Symlinking: /home/iko/zed_ws/install/rviz_plugin_zed_od/share/rviz_plugin_zed_od/icons/ZedObjDet.png
[16.192s] -- Symlinking: /home/iko/zed_ws/install/rviz_plugin_zed_od/share/ament_index/resource_index/package_run_dependencies/rviz_plugin_zed_od
[16.196s] -- Symlinking: /home/iko/zed_ws/install/rviz_plugin_zed_od/share/ament_index/resource_index/parent_prefix_path/rviz_plugin_zed_od
[16.199s] -- Symlinking: /home/iko/zed_ws/install/rviz_plugin_zed_od/share/rviz_plugin_zed_od/environment/ament_prefix_path.sh
[16.203s] -- Symlinking: /home/iko/zed_ws/install/rviz_plugin_zed_od/share/rviz_plugin_zed_od/environment/ament_prefix_path.dsv
[16.207s] -- Symlinking: /home/iko/zed_ws/install/rviz_plugin_zed_od/share/rviz_plugin_zed_od/environment/path.sh
[16.211s] -- Symlinking: /home/iko/zed_ws/install/rviz_plugin_zed_od/share/rviz_plugin_zed_od/environment/path.dsv
[16.215s] -- Symlinking: /home/iko/zed_ws/install/rviz_plugin_zed_od/share/rviz_plugin_zed_od/local_setup.bash
[16.219s] -- Symlinking: /home/iko/zed_ws/install/rviz_plugin_zed_od/share/rviz_plugin_zed_od/local_setup.sh
[16.223s] -- Symlinking: /home/iko/zed_ws/install/rviz_plugin_zed_od/share/rviz_plugin_zed_od/local_setup.zsh
[16.226s] -- Symlinking: /home/iko/zed_ws/install/rviz_plugin_zed_od/share/rviz_plugin_zed_od/local_setup.dsv
[16.230s] -- Symlinking: /home/iko/zed_ws/install/rviz_plugin_zed_od/share/rviz_plugin_zed_od/package.dsv
[16.234s] -- Symlinking: /home/iko/zed_ws/install/rviz_plugin_zed_od/share/ament_index/resource_index/packages/rviz_plugin_zed_od
[16.237s] -- Symlinking: /home/iko/zed_ws/install/rviz_plugin_zed_od/share/ament_index/resource_index/rviz_common__pluginlib__plugin/rviz_plugin_zed_od
[16.241s] -- Symlinking: /home/iko/zed_ws/install/rviz_plugin_zed_od/share/rviz_plugin_zed_od/cmake/ament_cmake_export_include_directories-extras.cmake
[16.244s] -- Symlinking: /home/iko/zed_ws/install/rviz_plugin_zed_od/share/rviz_plugin_zed_od/cmake/ament_cmake_export_targets-extras.cmake
[16.247s] -- Symlinking: /home/iko/zed_ws/install/rviz_plugin_zed_od/share/rviz_plugin_zed_od/cmake/ament_cmake_export_dependencies-extras.cmake
[16.251s] -- Symlinking: /home/iko/zed_ws/install/rviz_plugin_zed_od/share/rviz_plugin_zed_od/cmake/rviz_plugin_zed_odConfig.cmake
[16.254s] -- Symlinking: /home/iko/zed_ws/install/rviz_plugin_zed_od/share/rviz_plugin_zed_od/cmake/rviz_plugin_zed_odConfig-version.cmake
[16.259s] -- Symlinking: /home/iko/zed_ws/install/rviz_plugin_zed_od/share/rviz_plugin_zed_od/package.xml
[16.263s] -- Installing: /home/iko/zed_ws/install/rviz_plugin_zed_od/lib/librviz_plugin_zed_od.so
[16.270s] -- Set runtime path of "/home/iko/zed_ws/install/rviz_plugin_zed_od/lib/librviz_plugin_zed_od.so" to ""
[16.270s] -- Installing: /home/iko/zed_ws/install/rviz_plugin_zed_od/share/rviz_plugin_zed_od/cmake/rviz_plugin_zed_odExport.cmake
[16.271s] -- Installing: /home/iko/zed_ws/install/rviz_plugin_zed_od/share/rviz_plugin_zed_od/cmake/rviz_plugin_zed_odExport-noconfig.cmake
[16.272s] Invoked command in '/home/iko/zed_ws/build/rviz_plugin_zed_od' returned '0': AMENT_PREFIX_PATH=/home/iko/zed_ws/install/zed_msgs:${AMENT_PREFIX_PATH} CMAKE_PREFIX_PATH=/home/iko/zed_ws/install/zed_msgs:/home/iko/orbslam_ws/ORB_SLAM3:/home/iko/zed_ws/install/zed_tutorial_video:/home/iko/zed_ws/install/zed_tutorial_pos_tracking:/home/iko/zed_ws/install/zed_tutorial_depth:/opt/ros/humble LD_LIBRARY_PATH=/home/iko/zed_ws/install/zed_msgs/lib:/opt/ros/humble/opt/rviz_ogre_vendor/lib:/opt/ros/humble/lib/x86_64-linux-gnu:/opt/ros/humble/lib:/home/iko/orbslam_ws/ORB_SLAM3/lib PYTHONPATH=/home/iko/zed_ws/install/zed_msgs/local/lib/python3.10/dist-packages:${PYTHONPATH} /usr/local/bin/cmake --install /home/iko/zed_ws/build/rviz_plugin_zed_od
