[0.014s] Invoking command in '/home/iko/zed_ws/build/zed_robot_integration': AMENT_PREFIX_PATH=/home/iko/zed_ws/install/zed_wrapper:/home/iko/zed_ws/install/zed_components:/home/iko/zed_ws/install/zed_msgs:${AMENT_PREFIX_PATH} CMAKE_PREFIX_PATH=/home/iko/zed_ws/install/zed_wrapper:/home/iko/zed_ws/install/zed_components:/home/iko/zed_ws/install/zed_msgs:/home/iko/orbslam_ws/ORB_SLAM3:/home/iko/zed_ws/install/zed_tutorial_video:/home/iko/zed_ws/install/zed_tutorial_pos_tracking:/home/iko/zed_ws/install/zed_tutorial_depth:/opt/ros/humble LD_LIBRARY_PATH=/home/iko/zed_ws/install/zed_components/lib:/home/iko/zed_ws/install/zed_msgs/lib:/opt/ros/humble/opt/rviz_ogre_vendor/lib:/opt/ros/humble/lib/x86_64-linux-gnu:/opt/ros/humble/lib:/home/iko/orbslam_ws/ORB_SLAM3/lib PYTHONPATH=/home/iko/zed_ws/install/zed_msgs/local/lib/python3.10/dist-packages:${PYTHONPATH} /usr/local/bin/cmake /home/iko/zed_ws/src/zed-ros2-examples/tutorials/zed_robot_integration -DAMENT_CMAKE_SYMLINK_INSTALL=1 -DCMAKE_INSTALL_PREFIX=/home/iko/zed_ws/install/zed_robot_integration
[0.055s] -- The C compiler identification is GNU 11.4.0
[0.105s] -- The CXX compiler identification is GNU 11.4.0
[0.111s] -- Detecting C compiler ABI info
[0.159s] -- Detecting C compiler ABI info - done
[0.166s] -- Check for working C compiler: /usr/bin/cc - skipped
[0.166s] -- Detecting C compile features
[0.166s] -- Detecting C compile features - done
[0.168s] -- Detecting CXX compiler ABI info
[0.224s] -- Detecting CXX compiler ABI info - done
[0.230s] -- Check for working CXX compiler: /usr/bin/c++ - skipped
[0.230s] -- Detecting CXX compile features
[0.231s] -- Detecting CXX compile features - done
[0.233s] -- Found ament_cmake: 1.3.12 (/opt/ros/humble/share/ament_cmake/cmake)
[0.514s] -- Found Python3: /usr/bin/python3 (found version "3.10.12") found components: Interpreter 
[0.578s] -- Override CMake install command with custom implementation using symlinks instead of copying resources
[0.666s] -- Configuring done
[0.670s] -- Generating done
[0.672s] -- Build files have been written to: /home/iko/zed_ws/build/zed_robot_integration
[0.678s] Invoked command in '/home/iko/zed_ws/build/zed_robot_integration' returned '0': AMENT_PREFIX_PATH=/home/iko/zed_ws/install/zed_wrapper:/home/iko/zed_ws/install/zed_components:/home/iko/zed_ws/install/zed_msgs:${AMENT_PREFIX_PATH} CMAKE_PREFIX_PATH=/home/iko/zed_ws/install/zed_wrapper:/home/iko/zed_ws/install/zed_components:/home/iko/zed_ws/install/zed_msgs:/home/iko/orbslam_ws/ORB_SLAM3:/home/iko/zed_ws/install/zed_tutorial_video:/home/iko/zed_ws/install/zed_tutorial_pos_tracking:/home/iko/zed_ws/install/zed_tutorial_depth:/opt/ros/humble LD_LIBRARY_PATH=/home/iko/zed_ws/install/zed_components/lib:/home/iko/zed_ws/install/zed_msgs/lib:/opt/ros/humble/opt/rviz_ogre_vendor/lib:/opt/ros/humble/lib/x86_64-linux-gnu:/opt/ros/humble/lib:/home/iko/orbslam_ws/ORB_SLAM3/lib PYTHONPATH=/home/iko/zed_ws/install/zed_msgs/local/lib/python3.10/dist-packages:${PYTHONPATH} /usr/local/bin/cmake /home/iko/zed_ws/src/zed-ros2-examples/tutorials/zed_robot_integration -DAMENT_CMAKE_SYMLINK_INSTALL=1 -DCMAKE_INSTALL_PREFIX=/home/iko/zed_ws/install/zed_robot_integration
[0.680s] Invoking command in '/home/iko/zed_ws/build/zed_robot_integration': AMENT_PREFIX_PATH=/home/iko/zed_ws/install/zed_wrapper:/home/iko/zed_ws/install/zed_components:/home/iko/zed_ws/install/zed_msgs:${AMENT_PREFIX_PATH} CMAKE_PREFIX_PATH=/home/iko/zed_ws/install/zed_wrapper:/home/iko/zed_ws/install/zed_components:/home/iko/zed_ws/install/zed_msgs:/home/iko/orbslam_ws/ORB_SLAM3:/home/iko/zed_ws/install/zed_tutorial_video:/home/iko/zed_ws/install/zed_tutorial_pos_tracking:/home/iko/zed_ws/install/zed_tutorial_depth:/opt/ros/humble LD_LIBRARY_PATH=/home/iko/zed_ws/install/zed_components/lib:/home/iko/zed_ws/install/zed_msgs/lib:/opt/ros/humble/opt/rviz_ogre_vendor/lib:/opt/ros/humble/lib/x86_64-linux-gnu:/opt/ros/humble/lib:/home/iko/orbslam_ws/ORB_SLAM3/lib PYTHONPATH=/home/iko/zed_ws/install/zed_msgs/local/lib/python3.10/dist-packages:${PYTHONPATH} /usr/local/bin/cmake --build /home/iko/zed_ws/build/zed_robot_integration -- -j16 -l16
[0.699s] Invoked command in '/home/iko/zed_ws/build/zed_robot_integration' returned '0': AMENT_PREFIX_PATH=/home/iko/zed_ws/install/zed_wrapper:/home/iko/zed_ws/install/zed_components:/home/iko/zed_ws/install/zed_msgs:${AMENT_PREFIX_PATH} CMAKE_PREFIX_PATH=/home/iko/zed_ws/install/zed_wrapper:/home/iko/zed_ws/install/zed_components:/home/iko/zed_ws/install/zed_msgs:/home/iko/orbslam_ws/ORB_SLAM3:/home/iko/zed_ws/install/zed_tutorial_video:/home/iko/zed_ws/install/zed_tutorial_pos_tracking:/home/iko/zed_ws/install/zed_tutorial_depth:/opt/ros/humble LD_LIBRARY_PATH=/home/iko/zed_ws/install/zed_components/lib:/home/iko/zed_ws/install/zed_msgs/lib:/opt/ros/humble/opt/rviz_ogre_vendor/lib:/opt/ros/humble/lib/x86_64-linux-gnu:/opt/ros/humble/lib:/home/iko/orbslam_ws/ORB_SLAM3/lib PYTHONPATH=/home/iko/zed_ws/install/zed_msgs/local/lib/python3.10/dist-packages:${PYTHONPATH} /usr/local/bin/cmake --build /home/iko/zed_ws/build/zed_robot_integration -- -j16 -l16
[0.701s] Invoking command in '/home/iko/zed_ws/build/zed_robot_integration': AMENT_PREFIX_PATH=/home/iko/zed_ws/install/zed_wrapper:/home/iko/zed_ws/install/zed_components:/home/iko/zed_ws/install/zed_msgs:${AMENT_PREFIX_PATH} CMAKE_PREFIX_PATH=/home/iko/zed_ws/install/zed_wrapper:/home/iko/zed_ws/install/zed_components:/home/iko/zed_ws/install/zed_msgs:/home/iko/orbslam_ws/ORB_SLAM3:/home/iko/zed_ws/install/zed_tutorial_video:/home/iko/zed_ws/install/zed_tutorial_pos_tracking:/home/iko/zed_ws/install/zed_tutorial_depth:/opt/ros/humble LD_LIBRARY_PATH=/home/iko/zed_ws/install/zed_components/lib:/home/iko/zed_ws/install/zed_msgs/lib:/opt/ros/humble/opt/rviz_ogre_vendor/lib:/opt/ros/humble/lib/x86_64-linux-gnu:/opt/ros/humble/lib:/home/iko/orbslam_ws/ORB_SLAM3/lib PYTHONPATH=/home/iko/zed_ws/install/zed_msgs/local/lib/python3.10/dist-packages:${PYTHONPATH} /usr/local/bin/cmake --install /home/iko/zed_ws/build/zed_robot_integration
[0.704s] -- Install configuration: ""
[0.704s] -- Execute custom install script
[0.704s] -- Symlinking: /home/iko/zed_ws/install/zed_robot_integration/share/zed_robot_integration//launch/view_dual_zed.launch.py
[0.708s] -- Symlinking: /home/iko/zed_ws/install/zed_robot_integration/share/zed_robot_integration//launch/view_mono_zed.launch.py
[0.712s] -- Symlinking: /home/iko/zed_ws/install/zed_robot_integration/share/zed_robot_integration//urdf/zed_robot_dual.urdf.xacro
[0.714s] -- Symlinking: /home/iko/zed_ws/install/zed_robot_integration/share/zed_robot_integration//urdf/zed_robot_mono.urdf.xacro
[0.719s] -- Symlinking: /home/iko/zed_ws/install/zed_robot_integration/share/zed_robot_integration//rviz2/view_config.rviz
[0.723s] -- Symlinking: /home/iko/zed_ws/install/zed_robot_integration/share/ament_index/resource_index/package_run_dependencies/zed_robot_integration
[0.726s] -- Symlinking: /home/iko/zed_ws/install/zed_robot_integration/share/ament_index/resource_index/parent_prefix_path/zed_robot_integration
[0.729s] -- Symlinking: /home/iko/zed_ws/install/zed_robot_integration/share/zed_robot_integration/environment/ament_prefix_path.sh
[0.733s] -- Symlinking: /home/iko/zed_ws/install/zed_robot_integration/share/zed_robot_integration/environment/ament_prefix_path.dsv
[0.736s] -- Symlinking: /home/iko/zed_ws/install/zed_robot_integration/share/zed_robot_integration/environment/path.sh
[0.739s] -- Symlinking: /home/iko/zed_ws/install/zed_robot_integration/share/zed_robot_integration/environment/path.dsv
[0.743s] -- Symlinking: /home/iko/zed_ws/install/zed_robot_integration/share/zed_robot_integration/local_setup.bash
[0.746s] -- Symlinking: /home/iko/zed_ws/install/zed_robot_integration/share/zed_robot_integration/local_setup.sh
[0.749s] -- Symlinking: /home/iko/zed_ws/install/zed_robot_integration/share/zed_robot_integration/local_setup.zsh
[0.752s] -- Symlinking: /home/iko/zed_ws/install/zed_robot_integration/share/zed_robot_integration/local_setup.dsv
[0.756s] -- Symlinking: /home/iko/zed_ws/install/zed_robot_integration/share/zed_robot_integration/package.dsv
[0.759s] -- Symlinking: /home/iko/zed_ws/install/zed_robot_integration/share/ament_index/resource_index/packages/zed_robot_integration
[0.763s] -- Symlinking: /home/iko/zed_ws/install/zed_robot_integration/share/zed_robot_integration/cmake/zed_robot_integrationConfig.cmake
[0.767s] -- Symlinking: /home/iko/zed_ws/install/zed_robot_integration/share/zed_robot_integration/cmake/zed_robot_integrationConfig-version.cmake
[0.771s] -- Symlinking: /home/iko/zed_ws/install/zed_robot_integration/share/zed_robot_integration/package.xml
[0.776s] Invoked command in '/home/iko/zed_ws/build/zed_robot_integration' returned '0': AMENT_PREFIX_PATH=/home/iko/zed_ws/install/zed_wrapper:/home/iko/zed_ws/install/zed_components:/home/iko/zed_ws/install/zed_msgs:${AMENT_PREFIX_PATH} CMAKE_PREFIX_PATH=/home/iko/zed_ws/install/zed_wrapper:/home/iko/zed_ws/install/zed_components:/home/iko/zed_ws/install/zed_msgs:/home/iko/orbslam_ws/ORB_SLAM3:/home/iko/zed_ws/install/zed_tutorial_video:/home/iko/zed_ws/install/zed_tutorial_pos_tracking:/home/iko/zed_ws/install/zed_tutorial_depth:/opt/ros/humble LD_LIBRARY_PATH=/home/iko/zed_ws/install/zed_components/lib:/home/iko/zed_ws/install/zed_msgs/lib:/opt/ros/humble/opt/rviz_ogre_vendor/lib:/opt/ros/humble/lib/x86_64-linux-gnu:/opt/ros/humble/lib:/home/iko/orbslam_ws/ORB_SLAM3/lib PYTHONPATH=/home/iko/zed_ws/install/zed_msgs/local/lib/python3.10/dist-packages:${PYTHONPATH} /usr/local/bin/cmake --install /home/iko/zed_ws/build/zed_robot_integration
