[0.014s] Invoking command in '/home/iko/zed_ws/build/zed_wrapper': AMENT_PREFIX_PATH=/home/iko/zed_ws/install/zed_components:/home/iko/zed_ws/install/zed_msgs:${AMENT_PREFIX_PATH} CMAKE_PREFIX_PATH=/home/iko/zed_ws/install/zed_components:/home/iko/zed_ws/install/zed_msgs:/home/iko/orbslam_ws/ORB_SLAM3:/home/iko/zed_ws/install/zed_tutorial_video:/home/iko/zed_ws/install/zed_tutorial_pos_tracking:/home/iko/zed_ws/install/zed_tutorial_depth:/opt/ros/humble LD_LIBRARY_PATH=/home/iko/zed_ws/install/zed_components/lib:/home/iko/zed_ws/install/zed_msgs/lib:/opt/ros/humble/opt/rviz_ogre_vendor/lib:/opt/ros/humble/lib/x86_64-linux-gnu:/opt/ros/humble/lib:/home/iko/orbslam_ws/ORB_SLAM3/lib PYTHONPATH=/home/iko/zed_ws/install/zed_msgs/local/lib/python3.10/dist-packages:${PYTHONPATH} /usr/local/bin/cmake /home/iko/zed_ws/src/zed-ros2-wrapper/zed_wrapper -DAMENT_CMAKE_SYMLINK_INSTALL=1 -DCMAKE_INSTALL_PREFIX=/home/iko/zed_ws/install/zed_wrapper
[0.067s] -- The C compiler identification is GNU 11.4.0
[0.116s] -- The CXX compiler identification is GNU 11.4.0
[0.122s] -- Detecting C compiler ABI info
[0.168s] -- Detecting C compiler ABI info - done
[0.174s] -- Check for working C compiler: /usr/bin/cc - skipped
[0.174s] -- Detecting C compile features
[0.174s] -- Detecting C compile features - done
[0.177s] -- Detecting CXX compiler ABI info
[0.233s] -- Detecting CXX compiler ABI info - done
[0.239s] -- Check for working CXX compiler: /usr/bin/c++ - skipped
[0.239s] -- Detecting CXX compile features
[0.240s] -- Detecting CXX compile features - done
[0.242s] -- Found ament_cmake_auto: 1.3.12 (/opt/ros/humble/share/ament_cmake_auto/cmake)
[0.498s] -- Found Python3: /usr/bin/python3 (found version "3.10.12") found components: Interpreter 
[0.550s] -- Override CMake install command with custom implementation using symlinks instead of copying resources
[0.669s] -- Found rosidl_generator_c: 3.1.7 (/opt/ros/humble/share/rosidl_generator_c/cmake)
[0.674s] -- Found rosidl_adapter: 3.1.7 (/opt/ros/humble/share/rosidl_adapter/cmake)
[0.681s] -- Found rosidl_generator_cpp: 3.1.7 (/opt/ros/humble/share/rosidl_generator_cpp/cmake)
[0.691s] -- Using all available rosidl_typesupport_c: rosidl_typesupport_fastrtps_c;rosidl_typesupport_introspection_c
[0.705s] -- Using all available rosidl_typesupport_cpp: rosidl_typesupport_fastrtps_cpp;rosidl_typesupport_introspection_cpp
[0.743s] -- Found rmw_implementation_cmake: 6.1.2 (/opt/ros/humble/share/rmw_implementation_cmake/cmake)
[0.745s] -- Found rmw_fastrtps_cpp: 6.2.8 (/opt/ros/humble/share/rmw_fastrtps_cpp/cmake)
[0.828s] -- Found OpenSSL: /usr/lib/x86_64-linux-gnu/libcrypto.so (found version "3.0.2")  
[0.856s] -- Found FastRTPS: /opt/ros/humble/include  
[0.898s] -- Using RMW implementation 'rmw_fastrtps_cpp' as default
[0.905s] -- Looking for pthread.h
[0.960s] -- Looking for pthread.h - found
[0.960s] -- Performing Test CMAKE_HAVE_LIBC_PTHREAD
[1.014s] -- Performing Test CMAKE_HAVE_LIBC_PTHREAD - Success
[1.015s] -- Found Threads: TRUE  
[1.210s] -- Found eigen3_cmake_module: 0.1.1 (/opt/ros/humble/share/eigen3_cmake_module/cmake)
[1.211s] -- Found Eigen3: TRUE (found version "3.4.0") 
[1.211s] -- Ensuring Eigen3 include directory is part of orocos-kdl CMake target
[1.368s] -- Configuring done
[1.374s] -- Generating done
[1.376s] -- Build files have been written to: /home/iko/zed_ws/build/zed_wrapper
[1.388s] Invoked command in '/home/iko/zed_ws/build/zed_wrapper' returned '0': AMENT_PREFIX_PATH=/home/iko/zed_ws/install/zed_components:/home/iko/zed_ws/install/zed_msgs:${AMENT_PREFIX_PATH} CMAKE_PREFIX_PATH=/home/iko/zed_ws/install/zed_components:/home/iko/zed_ws/install/zed_msgs:/home/iko/orbslam_ws/ORB_SLAM3:/home/iko/zed_ws/install/zed_tutorial_video:/home/iko/zed_ws/install/zed_tutorial_pos_tracking:/home/iko/zed_ws/install/zed_tutorial_depth:/opt/ros/humble LD_LIBRARY_PATH=/home/iko/zed_ws/install/zed_components/lib:/home/iko/zed_ws/install/zed_msgs/lib:/opt/ros/humble/opt/rviz_ogre_vendor/lib:/opt/ros/humble/lib/x86_64-linux-gnu:/opt/ros/humble/lib:/home/iko/orbslam_ws/ORB_SLAM3/lib PYTHONPATH=/home/iko/zed_ws/install/zed_msgs/local/lib/python3.10/dist-packages:${PYTHONPATH} /usr/local/bin/cmake /home/iko/zed_ws/src/zed-ros2-wrapper/zed_wrapper -DAMENT_CMAKE_SYMLINK_INSTALL=1 -DCMAKE_INSTALL_PREFIX=/home/iko/zed_ws/install/zed_wrapper
[1.389s] Invoking command in '/home/iko/zed_ws/build/zed_wrapper': AMENT_PREFIX_PATH=/home/iko/zed_ws/install/zed_components:/home/iko/zed_ws/install/zed_msgs:${AMENT_PREFIX_PATH} CMAKE_PREFIX_PATH=/home/iko/zed_ws/install/zed_components:/home/iko/zed_ws/install/zed_msgs:/home/iko/orbslam_ws/ORB_SLAM3:/home/iko/zed_ws/install/zed_tutorial_video:/home/iko/zed_ws/install/zed_tutorial_pos_tracking:/home/iko/zed_ws/install/zed_tutorial_depth:/opt/ros/humble LD_LIBRARY_PATH=/home/iko/zed_ws/install/zed_components/lib:/home/iko/zed_ws/install/zed_msgs/lib:/opt/ros/humble/opt/rviz_ogre_vendor/lib:/opt/ros/humble/lib/x86_64-linux-gnu:/opt/ros/humble/lib:/home/iko/orbslam_ws/ORB_SLAM3/lib PYTHONPATH=/home/iko/zed_ws/install/zed_msgs/local/lib/python3.10/dist-packages:${PYTHONPATH} /usr/local/bin/cmake --build /home/iko/zed_ws/build/zed_wrapper -- -j16 -l16
[1.413s] Invoked command in '/home/iko/zed_ws/build/zed_wrapper' returned '0': AMENT_PREFIX_PATH=/home/iko/zed_ws/install/zed_components:/home/iko/zed_ws/install/zed_msgs:${AMENT_PREFIX_PATH} CMAKE_PREFIX_PATH=/home/iko/zed_ws/install/zed_components:/home/iko/zed_ws/install/zed_msgs:/home/iko/orbslam_ws/ORB_SLAM3:/home/iko/zed_ws/install/zed_tutorial_video:/home/iko/zed_ws/install/zed_tutorial_pos_tracking:/home/iko/zed_ws/install/zed_tutorial_depth:/opt/ros/humble LD_LIBRARY_PATH=/home/iko/zed_ws/install/zed_components/lib:/home/iko/zed_ws/install/zed_msgs/lib:/opt/ros/humble/opt/rviz_ogre_vendor/lib:/opt/ros/humble/lib/x86_64-linux-gnu:/opt/ros/humble/lib:/home/iko/orbslam_ws/ORB_SLAM3/lib PYTHONPATH=/home/iko/zed_ws/install/zed_msgs/local/lib/python3.10/dist-packages:${PYTHONPATH} /usr/local/bin/cmake --build /home/iko/zed_ws/build/zed_wrapper -- -j16 -l16
[1.415s] Invoking command in '/home/iko/zed_ws/build/zed_wrapper': AMENT_PREFIX_PATH=/home/iko/zed_ws/install/zed_components:/home/iko/zed_ws/install/zed_msgs:${AMENT_PREFIX_PATH} CMAKE_PREFIX_PATH=/home/iko/zed_ws/install/zed_components:/home/iko/zed_ws/install/zed_msgs:/home/iko/orbslam_ws/ORB_SLAM3:/home/iko/zed_ws/install/zed_tutorial_video:/home/iko/zed_ws/install/zed_tutorial_pos_tracking:/home/iko/zed_ws/install/zed_tutorial_depth:/opt/ros/humble LD_LIBRARY_PATH=/home/iko/zed_ws/install/zed_components/lib:/home/iko/zed_ws/install/zed_msgs/lib:/opt/ros/humble/opt/rviz_ogre_vendor/lib:/opt/ros/humble/lib/x86_64-linux-gnu:/opt/ros/humble/lib:/home/iko/orbslam_ws/ORB_SLAM3/lib PYTHONPATH=/home/iko/zed_ws/install/zed_msgs/local/lib/python3.10/dist-packages:${PYTHONPATH} /usr/local/bin/cmake --install /home/iko/zed_ws/build/zed_wrapper
[1.417s] -- Install configuration: ""
[1.417s] -- Execute custom install script
[1.418s] -- Symlinking: /home/iko/zed_ws/install/zed_wrapper/share/zed_wrapper/config/common_mono.yaml
[1.421s] -- Symlinking: /home/iko/zed_ws/install/zed_wrapper/share/zed_wrapper/config/common_stereo.yaml
[1.424s] -- Symlinking: /home/iko/zed_ws/install/zed_wrapper/share/zed_wrapper/config/custom_object_detection.yaml
[1.428s] -- Symlinking: /home/iko/zed_ws/install/zed_wrapper/share/zed_wrapper/config/ffmpeg.yaml
[1.432s] -- Symlinking: /home/iko/zed_ws/install/zed_wrapper/share/zed_wrapper/config/object_detection.yaml
[1.435s] -- Symlinking: /home/iko/zed_ws/install/zed_wrapper/share/zed_wrapper/config/virtual.yaml
[1.438s] -- Symlinking: /home/iko/zed_ws/install/zed_wrapper/share/zed_wrapper/config/zed.yaml
[1.442s] -- Symlinking: /home/iko/zed_ws/install/zed_wrapper/share/zed_wrapper/config/zed2.yaml
[1.446s] -- Symlinking: /home/iko/zed_ws/install/zed_wrapper/share/zed_wrapper/config/zed2i.yaml
[1.449s] -- Symlinking: /home/iko/zed_ws/install/zed_wrapper/share/zed_wrapper/config/zedm.yaml
[1.453s] -- Symlinking: /home/iko/zed_ws/install/zed_wrapper/share/zed_wrapper/config/zedx.yaml
[1.456s] -- Symlinking: /home/iko/zed_ws/install/zed_wrapper/share/zed_wrapper/config/zedxm.yaml
[1.460s] -- Symlinking: /home/iko/zed_ws/install/zed_wrapper/share/zed_wrapper/config/zedxone4k.yaml
[1.462s] -- Symlinking: /home/iko/zed_ws/install/zed_wrapper/share/zed_wrapper/config/zedxonegs.yaml
[1.468s] -- Symlinking: /home/iko/zed_ws/install/zed_wrapper/share/zed_wrapper/urdf/include/materials.urdf.xacro
[1.472s] -- Symlinking: /home/iko/zed_ws/install/zed_wrapper/share/zed_wrapper/urdf/zed_descr.urdf.xacro
[1.475s] -- Symlinking: /home/iko/zed_ws/install/zed_wrapper/share/zed_wrapper/urdf/zed_macro.urdf.xacro
[1.479s] -- Symlinking: /home/iko/zed_ws/install/zed_wrapper/share/zed_wrapper/launch/zed_camera.launch.py
[1.482s] -- Symlinking: /home/iko/zed_ws/install/zed_wrapper/share/ament_index/resource_index/package_run_dependencies/zed_wrapper
[1.486s] -- Symlinking: /home/iko/zed_ws/install/zed_wrapper/share/ament_index/resource_index/parent_prefix_path/zed_wrapper
[1.489s] -- Symlinking: /home/iko/zed_ws/install/zed_wrapper/share/zed_wrapper/environment/ament_prefix_path.sh
[1.492s] -- Symlinking: /home/iko/zed_ws/install/zed_wrapper/share/zed_wrapper/environment/ament_prefix_path.dsv
[1.495s] -- Symlinking: /home/iko/zed_ws/install/zed_wrapper/share/zed_wrapper/environment/path.sh
[1.499s] -- Symlinking: /home/iko/zed_ws/install/zed_wrapper/share/zed_wrapper/environment/path.dsv
[1.503s] -- Symlinking: /home/iko/zed_ws/install/zed_wrapper/share/zed_wrapper/local_setup.bash
[1.507s] -- Symlinking: /home/iko/zed_ws/install/zed_wrapper/share/zed_wrapper/local_setup.sh
[1.510s] -- Symlinking: /home/iko/zed_ws/install/zed_wrapper/share/zed_wrapper/local_setup.zsh
[1.514s] -- Symlinking: /home/iko/zed_ws/install/zed_wrapper/share/zed_wrapper/local_setup.dsv
[1.518s] -- Symlinking: /home/iko/zed_ws/install/zed_wrapper/share/zed_wrapper/package.dsv
[1.522s] -- Symlinking: /home/iko/zed_ws/install/zed_wrapper/share/ament_index/resource_index/packages/zed_wrapper
[1.526s] -- Symlinking: /home/iko/zed_ws/install/zed_wrapper/share/zed_wrapper/cmake/zed_wrapperConfig.cmake
[1.530s] -- Symlinking: /home/iko/zed_ws/install/zed_wrapper/share/zed_wrapper/cmake/zed_wrapperConfig-version.cmake
[1.534s] -- Symlinking: /home/iko/zed_ws/install/zed_wrapper/share/zed_wrapper/package.xml
[1.539s] Invoked command in '/home/iko/zed_ws/build/zed_wrapper' returned '0': AMENT_PREFIX_PATH=/home/iko/zed_ws/install/zed_components:/home/iko/zed_ws/install/zed_msgs:${AMENT_PREFIX_PATH} CMAKE_PREFIX_PATH=/home/iko/zed_ws/install/zed_components:/home/iko/zed_ws/install/zed_msgs:/home/iko/orbslam_ws/ORB_SLAM3:/home/iko/zed_ws/install/zed_tutorial_video:/home/iko/zed_ws/install/zed_tutorial_pos_tracking:/home/iko/zed_ws/install/zed_tutorial_depth:/opt/ros/humble LD_LIBRARY_PATH=/home/iko/zed_ws/install/zed_components/lib:/home/iko/zed_ws/install/zed_msgs/lib:/opt/ros/humble/opt/rviz_ogre_vendor/lib:/opt/ros/humble/lib/x86_64-linux-gnu:/opt/ros/humble/lib:/home/iko/orbslam_ws/ORB_SLAM3/lib PYTHONPATH=/home/iko/zed_ws/install/zed_msgs/local/lib/python3.10/dist-packages:${PYTHONPATH} /usr/local/bin/cmake --install /home/iko/zed_ws/build/zed_wrapper
