[0.000000] (-) TimerEvent: {}
[0.000268] (-) JobUnselected: {'identifier': 'rviz_plugin_zed_od'}
[0.000298] (-) JobUnselected: {'identifier': 'zed_aruco_localization'}
[0.000313] (-) JobUnselected: {'identifier': 'zed_components'}
[0.000324] (-) JobUnselected: {'identifier': 'zed_depth_to_laserscan'}
[0.000334] (-) JobUnselected: {'identifier': 'zed_display_rviz2'}
[0.000343] (-) JobUnselected: {'identifier': 'zed_ipc'}
[0.000352] (-) JobUnselected: {'identifier': 'zed_msgs'}
[0.000361] (-) JobUnselected: {'identifier': 'zed_multi_camera'}
[0.000371] (-) JobUnselected: {'identifier': 'zed_rgb_convert'}
[0.000380] (-) JobUnselected: {'identifier': 'zed_robot_integration'}
[0.000389] (-) JobUnselected: {'identifier': 'zed_ros2'}
[0.000397] (-) JobUnselected: {'identifier': 'zed_topic_benchmark'}
[0.000406] (-) JobUnselected: {'identifier': 'zed_topic_benchmark_component'}
[0.000414] (-) JobUnselected: {'identifier': 'zed_topic_benchmark_interfaces'}
[0.000423] (-) JobUnselected: {'identifier': 'zed_tutorial_depth'}
[0.000431] (-) JobUnselected: {'identifier': 'zed_tutorial_pos_tracking'}
[0.000439] (-) JobUnselected: {'identifier': 'zed_tutorial_video'}
[0.000448] (-) JobUnselected: {'identifier': 'zed_wrapper'}
[0.000457] (-) EventReactorShutdown: {}
