[0.000000] (-) TimerEvent: {}
[0.000441] (-) JobUnselected: {'identifier': 'rviz_plugin_zed_od'}
[0.000463] (-) JobUnselected: {'identifier': 'zed_aruco_localization'}
[0.000477] (-) JobUnselected: {'identifier': 'zed_components'}
[0.000902] (-) JobUnselected: {'identifier': 'zed_depth_to_laserscan'}
[0.000930] (-) JobUnselected: {'identifier': 'zed_display_rviz2'}
[0.000942] (-) JobUnselected: {'identifier': 'zed_ipc'}
[0.000970] (-) JobUnselected: {'identifier': 'zed_msgs'}
[0.000981] (-) JobUnselected: {'identifier': 'zed_multi_camera'}
[0.000994] (-) JobUnselected: {'identifier': 'zed_rgb_convert'}
[0.001003] (-) JobUnselected: {'identifier': 'zed_robot_integration'}
[0.001013] (-) JobUnselected: {'identifier': 'zed_ros2'}
[0.001023] (-) JobUnselected: {'identifier': 'zed_topic_benchmark'}
[0.001032] (-) JobUnselected: {'identifier': 'zed_topic_benchmark_component'}
[0.001041] (-) JobUnselected: {'identifier': 'zed_topic_benchmark_interfaces'}
[0.001050] (-) JobUnselected: {'identifier': 'zed_tutorial_depth'}
[0.001061] (-) JobUnselected: {'identifier': 'zed_tutorial_pos_tracking'}
[0.001069] (-) JobUnselected: {'identifier': 'zed_tutorial_video'}
[0.001078] (-) JobUnselected: {'identifier': 'zed_wrapper'}
[0.001305] (-) EventReactorShutdown: {}
