[0.007s] Invoking command in '/home/iko/zed_ws/build/zed_components': AMENT_PREFIX_PATH=/home/iko/zed_ws/install/zed_msgs:${AMENT_PREFIX_PATH} CMAKE_PREFIX_PATH=/home/iko/zed_ws/install/zed_msgs:/home/iko/orbslam_ws/ORB_SLAM3:/home/iko/zed_ws/install/zed_tutorial_video:/home/iko/zed_ws/install/zed_tutorial_pos_tracking:/home/iko/zed_ws/install/zed_tutorial_depth:/opt/ros/humble LD_LIBRARY_PATH=/home/iko/zed_ws/install/zed_msgs/lib:/opt/ros/humble/opt/rviz_ogre_vendor/lib:/opt/ros/humble/lib/x86_64-linux-gnu:/opt/ros/humble/lib:/home/iko/orbslam_ws/ORB_SLAM3/lib PYTHONPATH=/home/iko/zed_ws/install/zed_msgs/local/lib/python3.10/dist-packages:${PYTHONPATH} /usr/local/bin/cmake /home/iko/zed_ws/src/zed-ros2-wrapper/zed_components -DAMENT_CMAKE_SYMLINK_INSTALL=1 -DCMAKE_INSTALL_PREFIX=/home/iko/zed_ws/install/zed_components
[0.050s] -- The C compiler identification is GNU 11.4.0
[0.098s] -- The CXX compiler identification is GNU 11.4.0
[0.105s] -- Detecting C compiler ABI info
[0.152s] -- Detecting C compiler ABI info - done
[0.158s] -- Check for working C compiler: /usr/bin/cc - skipped
[0.158s] -- Detecting C compile features
[0.159s] -- Detecting C compile features - done
[0.161s] -- Detecting CXX compiler ABI info
[0.218s] -- Detecting CXX compiler ABI info - done
[0.225s] -- Check for working CXX compiler: /usr/bin/c++ - skipped
[0.226s] -- Detecting CXX compile features
[0.226s] -- Detecting CXX compile features - done
[0.230s] -- Looking for sgemm_
[0.281s] -- Looking for sgemm_ - not found
[0.282s] -- Looking for pthread.h
[0.338s] -- Looking for pthread.h - found
[0.338s] -- Performing Test CMAKE_HAVE_LIBC_PTHREAD
[0.393s] -- Performing Test CMAKE_HAVE_LIBC_PTHREAD - Success
[0.394s] -- Found Threads: TRUE  
[0.424s] -- Looking for sgemm_
[0.513s] -- Looking for sgemm_ - found
[0.514s] -- Found BLAS: /usr/lib/x86_64-linux-gnu/libopenblas.so  
[0.540s] -- Found CUDA: /usr/local/cuda (found suitable version "12.2", minimum required is "12") 
[0.743s] -- Found CUDA: /usr/local/cuda (found version "12.2") 
[0.745s] -- Found ament_cmake_auto: 1.3.12 (/opt/ros/humble/share/ament_cmake_auto/cmake)
[0.977s] -- Found Python3: /usr/bin/python3 (found version "3.10.12") found components: Interpreter 
[1.025s] -- Override CMake install command with custom implementation using symlinks instead of copying resources
[1.120s] -- Found rosidl_generator_c: 3.1.7 (/opt/ros/humble/share/rosidl_generator_c/cmake)
[1.124s] -- Found rosidl_adapter: 3.1.7 (/opt/ros/humble/share/rosidl_adapter/cmake)
[1.131s] -- Found rosidl_generator_cpp: 3.1.7 (/opt/ros/humble/share/rosidl_generator_cpp/cmake)
[1.140s] -- Using all available rosidl_typesupport_c: rosidl_typesupport_fastrtps_c;rosidl_typesupport_introspection_c
[1.153s] -- Using all available rosidl_typesupport_cpp: rosidl_typesupport_fastrtps_cpp;rosidl_typesupport_introspection_cpp
[1.239s] -- Found rmw_implementation_cmake: 6.1.2 (/opt/ros/humble/share/rmw_implementation_cmake/cmake)
[1.241s] -- Found rmw_fastrtps_cpp: 6.2.8 (/opt/ros/humble/share/rmw_fastrtps_cpp/cmake)
[1.319s] -- Found OpenSSL: /usr/lib/x86_64-linux-gnu/libcrypto.so (found version "3.0.2")  
[1.342s] -- Found FastRTPS: /opt/ros/humble/include  
[1.382s] -- Using RMW implementation 'rmw_fastrtps_cpp' as default
[1.592s] -- Found eigen3_cmake_module: 0.1.1 (/opt/ros/humble/share/eigen3_cmake_module/cmake)
[1.593s] -- Found Eigen3: TRUE (found version "3.4.0") 
[1.593s] -- Ensuring Eigen3 include directory is part of orocos-kdl CMake target
[1.694s] -- Found ament_lint_auto: 0.12.14 (/opt/ros/humble/share/ament_lint_auto/cmake)
[1.724s] -- Added test 'copyright' to check source files copyright and LICENSE
[1.726s] -- Added test 'cppcheck' to perform static code analysis on C / C++ code
[1.726s] -- Configured cppcheck include dirs: /home/iko/zed_ws/src/zed-ros2-wrapper/zed_components/src/include;/home/iko/zed_ws/src/zed-ros2-wrapper/zed_components/src/zed_camera/include;/home/iko/zed_ws/src/zed-ros2-wrapper/zed_components/src/tools/include
[1.727s] -- Configured cppcheck exclude dirs and/or files: 
[1.727s] -- Added test 'lint_cmake' to check CMake code style
[1.729s] -- Added test 'uncrustify' to check C / C++ code style
[1.729s] -- Configured uncrustify additional arguments: 
[1.729s] -- Added test 'xmllint' to check XML markup files
[1.733s] -- Configuring done
[1.758s] -- Generating done
[1.766s] -- Build files have been written to: /home/iko/zed_ws/build/zed_components
[1.778s] Invoked command in '/home/iko/zed_ws/build/zed_components' returned '0': AMENT_PREFIX_PATH=/home/iko/zed_ws/install/zed_msgs:${AMENT_PREFIX_PATH} CMAKE_PREFIX_PATH=/home/iko/zed_ws/install/zed_msgs:/home/iko/orbslam_ws/ORB_SLAM3:/home/iko/zed_ws/install/zed_tutorial_video:/home/iko/zed_ws/install/zed_tutorial_pos_tracking:/home/iko/zed_ws/install/zed_tutorial_depth:/opt/ros/humble LD_LIBRARY_PATH=/home/iko/zed_ws/install/zed_msgs/lib:/opt/ros/humble/opt/rviz_ogre_vendor/lib:/opt/ros/humble/lib/x86_64-linux-gnu:/opt/ros/humble/lib:/home/iko/orbslam_ws/ORB_SLAM3/lib PYTHONPATH=/home/iko/zed_ws/install/zed_msgs/local/lib/python3.10/dist-packages:${PYTHONPATH} /usr/local/bin/cmake /home/iko/zed_ws/src/zed-ros2-wrapper/zed_components -DAMENT_CMAKE_SYMLINK_INSTALL=1 -DCMAKE_INSTALL_PREFIX=/home/iko/zed_ws/install/zed_components
[1.779s] Invoking command in '/home/iko/zed_ws/build/zed_components': AMENT_PREFIX_PATH=/home/iko/zed_ws/install/zed_msgs:${AMENT_PREFIX_PATH} CMAKE_PREFIX_PATH=/home/iko/zed_ws/install/zed_msgs:/home/iko/orbslam_ws/ORB_SLAM3:/home/iko/zed_ws/install/zed_tutorial_video:/home/iko/zed_ws/install/zed_tutorial_pos_tracking:/home/iko/zed_ws/install/zed_tutorial_depth:/opt/ros/humble LD_LIBRARY_PATH=/home/iko/zed_ws/install/zed_msgs/lib:/opt/ros/humble/opt/rviz_ogre_vendor/lib:/opt/ros/humble/lib/x86_64-linux-gnu:/opt/ros/humble/lib:/home/iko/orbslam_ws/ORB_SLAM3/lib PYTHONPATH=/home/iko/zed_ws/install/zed_msgs/local/lib/python3.10/dist-packages:${PYTHONPATH} /usr/local/bin/cmake --build /home/iko/zed_ws/build/zed_components -- -j16 -l16
[1.811s] [ 46%] [32mBuilding CXX object CMakeFiles/zed_camera_one_component.dir/src/tools/src/gnss_replay.cpp.o[0m
[1.811s] [ 46%] [32mBuilding CXX object CMakeFiles/zed_camera_one_component.dir/src/tools/src/sl_win_avg.cpp.o[0m
[1.811s] [ 46%] [32mBuilding CXX object CMakeFiles/zed_camera_component.dir/src/tools/src/sl_tools.cpp.o[0m
[1.811s] [ 46%] [32mBuilding CXX object CMakeFiles/zed_camera_one_component.dir/src/tools/src/sl_tools.cpp.o[0m
[1.811s] [ 46%] [32mBuilding CXX object CMakeFiles/zed_camera_component.dir/src/tools/src/sl_win_avg.cpp.o[0m
[1.811s] [ 46%] [32mBuilding CXX object CMakeFiles/zed_camera_one_component.dir/src/zed_camera/src/zed_camera_one_component.cpp.o[0m
[1.811s] [ 60%] [32mBuilding CXX object CMakeFiles/zed_camera_component.dir/src/tools/src/sl_types.cpp.o[0m
[1.811s] [ 60%] [32mBuilding CXX object CMakeFiles/zed_camera_component.dir/src/tools/src/gnss_replay.cpp.o[0m
[1.811s] [ 66%] [32mBuilding CXX object CMakeFiles/zed_camera_one_component.dir/src/tools/src/sl_types.cpp.o[0m
[1.811s] [ 60%] [32mBuilding CXX object CMakeFiles/zed_camera_component.dir/src/zed_camera/src/zed_camera_component_main.cpp.o[0m
[1.811s] [ 73%] [32mBuilding CXX object CMakeFiles/zed_camera_component.dir/src/zed_camera/src/zed_camera_component_video_depth.cpp.o[0m
[1.812s] [ 86%] [32mBuilding CXX object CMakeFiles/zed_camera_component.dir/src/zed_camera/src/zed_camera_component_objdet.cpp.o[0m
[1.812s] [ 80%] [32mBuilding CXX object CMakeFiles/zed_camera_component.dir/src/zed_camera/src/zed_camera_component_bodytrk.cpp.o[0m
[20.092s] [ 93%] [32m[1mLinking CXX shared library libzed_camera_one_component.so[0m
[20.405s] [ 93%] Built target zed_camera_one_component
[50.568s] [100%] [32m[1mLinking CXX shared library libzed_camera_component.so[0m
[50.988s] [100%] Built target zed_camera_component
[50.994s] Invoked command in '/home/iko/zed_ws/build/zed_components' returned '0': AMENT_PREFIX_PATH=/home/iko/zed_ws/install/zed_msgs:${AMENT_PREFIX_PATH} CMAKE_PREFIX_PATH=/home/iko/zed_ws/install/zed_msgs:/home/iko/orbslam_ws/ORB_SLAM3:/home/iko/zed_ws/install/zed_tutorial_video:/home/iko/zed_ws/install/zed_tutorial_pos_tracking:/home/iko/zed_ws/install/zed_tutorial_depth:/opt/ros/humble LD_LIBRARY_PATH=/home/iko/zed_ws/install/zed_msgs/lib:/opt/ros/humble/opt/rviz_ogre_vendor/lib:/opt/ros/humble/lib/x86_64-linux-gnu:/opt/ros/humble/lib:/home/iko/orbslam_ws/ORB_SLAM3/lib PYTHONPATH=/home/iko/zed_ws/install/zed_msgs/local/lib/python3.10/dist-packages:${PYTHONPATH} /usr/local/bin/cmake --build /home/iko/zed_ws/build/zed_components -- -j16 -l16
[50.996s] Invoking command in '/home/iko/zed_ws/build/zed_components': AMENT_PREFIX_PATH=/home/iko/zed_ws/install/zed_msgs:${AMENT_PREFIX_PATH} CMAKE_PREFIX_PATH=/home/iko/zed_ws/install/zed_msgs:/home/iko/orbslam_ws/ORB_SLAM3:/home/iko/zed_ws/install/zed_tutorial_video:/home/iko/zed_ws/install/zed_tutorial_pos_tracking:/home/iko/zed_ws/install/zed_tutorial_depth:/opt/ros/humble LD_LIBRARY_PATH=/home/iko/zed_ws/install/zed_msgs/lib:/opt/ros/humble/opt/rviz_ogre_vendor/lib:/opt/ros/humble/lib/x86_64-linux-gnu:/opt/ros/humble/lib:/home/iko/orbslam_ws/ORB_SLAM3/lib PYTHONPATH=/home/iko/zed_ws/install/zed_msgs/local/lib/python3.10/dist-packages:${PYTHONPATH} /usr/local/bin/cmake --install /home/iko/zed_ws/build/zed_components
[50.999s] -- Install configuration: "Release"
[50.999s] -- Execute custom install script
[51.000s] -- Symlinking: /home/iko/zed_ws/install/zed_components/lib/libzed_camera_component.so
[51.003s] -- Symlinking: /home/iko/zed_ws/install/zed_components/lib/libzed_camera_one_component.so
[51.008s] -- Symlinking: /home/iko/zed_ws/install/zed_components/include/zed_components//cost_traversability.hpp
[51.012s] -- Symlinking: /home/iko/zed_ws/install/zed_components/include/zed_components//zed_camera_component.hpp
[51.015s] -- Symlinking: /home/iko/zed_ws/install/zed_components/include/zed_components//zed_camera_one_component.hpp
[51.019s] -- Symlinking: /home/iko/zed_ws/install/zed_components/include/zed_components//gnss_replay.hpp
[51.022s] -- Symlinking: /home/iko/zed_ws/install/zed_components/include/zed_components//json.hpp
[51.025s] -- Symlinking: /home/iko/zed_ws/install/zed_components/include/zed_components//sl_logging.hpp
[51.029s] -- Symlinking: /home/iko/zed_ws/install/zed_components/include/zed_components//sl_tools.hpp
[51.033s] -- Symlinking: /home/iko/zed_ws/install/zed_components/include/zed_components//sl_types.hpp
[51.037s] -- Symlinking: /home/iko/zed_ws/install/zed_components/include/zed_components//sl_win_avg.hpp
[51.040s] -- Symlinking: /home/iko/zed_ws/install/zed_components/include/zed_components//visibility_control.hpp
[51.044s] -- Symlinking: /home/iko/zed_ws/install/zed_components/share/zed_components/environment/library_path.sh
[51.047s] -- Symlinking: /home/iko/zed_ws/install/zed_components/share/zed_components/environment/library_path.dsv
[51.050s] -- Symlinking: /home/iko/zed_ws/install/zed_components/share/ament_index/resource_index/package_run_dependencies/zed_components
[51.053s] -- Symlinking: /home/iko/zed_ws/install/zed_components/share/ament_index/resource_index/parent_prefix_path/zed_components
[51.057s] -- Symlinking: /home/iko/zed_ws/install/zed_components/share/zed_components/environment/ament_prefix_path.sh
[51.061s] -- Symlinking: /home/iko/zed_ws/install/zed_components/share/zed_components/environment/ament_prefix_path.dsv
[51.064s] -- Symlinking: /home/iko/zed_ws/install/zed_components/share/zed_components/environment/path.sh
[51.068s] -- Symlinking: /home/iko/zed_ws/install/zed_components/share/zed_components/environment/path.dsv
[51.071s] -- Symlinking: /home/iko/zed_ws/install/zed_components/share/zed_components/local_setup.bash
[51.075s] -- Symlinking: /home/iko/zed_ws/install/zed_components/share/zed_components/local_setup.sh
[51.077s] -- Symlinking: /home/iko/zed_ws/install/zed_components/share/zed_components/local_setup.zsh
[51.081s] -- Symlinking: /home/iko/zed_ws/install/zed_components/share/zed_components/local_setup.dsv
[51.085s] -- Symlinking: /home/iko/zed_ws/install/zed_components/share/zed_components/package.dsv
[51.088s] -- Symlinking: /home/iko/zed_ws/install/zed_components/share/ament_index/resource_index/packages/zed_components
[51.092s] -- Symlinking: /home/iko/zed_ws/install/zed_components/share/ament_index/resource_index/rclcpp_components/zed_components
[51.096s] -- Symlinking: /home/iko/zed_ws/install/zed_components/share/zed_components/cmake/ament_cmake_export_include_directories-extras.cmake
[51.101s] -- Symlinking: /home/iko/zed_ws/install/zed_components/share/zed_components/cmake/ament_cmake_export_libraries-extras.cmake
[51.104s] -- Symlinking: /home/iko/zed_ws/install/zed_components/share/zed_components/cmake/ament_cmake_export_dependencies-extras.cmake
[51.108s] -- Symlinking: /home/iko/zed_ws/install/zed_components/share/zed_components/cmake/zed_componentsConfig.cmake
[51.112s] -- Symlinking: /home/iko/zed_ws/install/zed_components/share/zed_components/cmake/zed_componentsConfig-version.cmake
[51.115s] -- Symlinking: /home/iko/zed_ws/install/zed_components/share/zed_components/package.xml
[51.121s] Invoked command in '/home/iko/zed_ws/build/zed_components' returned '0': AMENT_PREFIX_PATH=/home/iko/zed_ws/install/zed_msgs:${AMENT_PREFIX_PATH} CMAKE_PREFIX_PATH=/home/iko/zed_ws/install/zed_msgs:/home/iko/orbslam_ws/ORB_SLAM3:/home/iko/zed_ws/install/zed_tutorial_video:/home/iko/zed_ws/install/zed_tutorial_pos_tracking:/home/iko/zed_ws/install/zed_tutorial_depth:/opt/ros/humble LD_LIBRARY_PATH=/home/iko/zed_ws/install/zed_msgs/lib:/opt/ros/humble/opt/rviz_ogre_vendor/lib:/opt/ros/humble/lib/x86_64-linux-gnu:/opt/ros/humble/lib:/home/iko/orbslam_ws/ORB_SLAM3/lib PYTHONPATH=/home/iko/zed_ws/install/zed_msgs/local/lib/python3.10/dist-packages:${PYTHONPATH} /usr/local/bin/cmake --install /home/iko/zed_ws/build/zed_components
