[0.013s] Invoking command in '/home/iko/zed_ws/build/zed_ros2': AMENT_PREFIX_PATH=/home/iko/zed_ws/install/zed_wrapper:/home/iko/zed_ws/install/zed_components:/home/iko/zed_ws/install/zed_msgs:${AMENT_PREFIX_PATH} CMAKE_PREFIX_PATH=/home/iko/zed_ws/install/zed_wrapper:/home/iko/zed_ws/install/zed_components:/home/iko/zed_ws/install/zed_msgs:/home/iko/orbslam_ws/ORB_SLAM3:/home/iko/zed_ws/install/zed_tutorial_video:/home/iko/zed_ws/install/zed_tutorial_pos_tracking:/home/iko/zed_ws/install/zed_tutorial_depth:/opt/ros/humble LD_LIBRARY_PATH=/home/iko/zed_ws/install/zed_components/lib:/home/iko/zed_ws/install/zed_msgs/lib:/opt/ros/humble/opt/rviz_ogre_vendor/lib:/opt/ros/humble/lib/x86_64-linux-gnu:/opt/ros/humble/lib:/home/iko/orbslam_ws/ORB_SLAM3/lib PYTHONPATH=/home/iko/zed_ws/install/zed_msgs/local/lib/python3.10/dist-packages:${PYTHONPATH} /usr/local/bin/cmake /home/iko/zed_ws/src/zed-ros2-wrapper/zed_ros2 -DAMENT_CMAKE_SYMLINK_INSTALL=1 -DCMAKE_INSTALL_PREFIX=/home/iko/zed_ws/install/zed_ros2
[0.021s] -- Found ament_cmake_auto: 1.3.12 (/opt/ros/humble/share/ament_cmake_auto/cmake)
[0.315s] -- Found Python3: /usr/bin/python3 (found version "3.10.12") found components: Interpreter 
[0.376s] -- Override CMake install command with custom implementation using symlinks instead of copying resources
[0.457s] -- Found ament_lint_auto: 0.12.14 (/opt/ros/humble/share/ament_lint_auto/cmake)
[0.472s] -- Added test 'copyright' to check source files copyright and LICENSE
[0.472s] -- Added test 'lint_cmake' to check CMake code style
[0.473s] -- Added test 'xmllint' to check XML markup files
[0.474s] -- Configuring done
[0.477s] -- Generating done
[0.478s] -- Build files have been written to: /home/iko/zed_ws/build/zed_ros2
[0.481s] Invoked command in '/home/iko/zed_ws/build/zed_ros2' returned '0': AMENT_PREFIX_PATH=/home/iko/zed_ws/install/zed_wrapper:/home/iko/zed_ws/install/zed_components:/home/iko/zed_ws/install/zed_msgs:${AMENT_PREFIX_PATH} CMAKE_PREFIX_PATH=/home/iko/zed_ws/install/zed_wrapper:/home/iko/zed_ws/install/zed_components:/home/iko/zed_ws/install/zed_msgs:/home/iko/orbslam_ws/ORB_SLAM3:/home/iko/zed_ws/install/zed_tutorial_video:/home/iko/zed_ws/install/zed_tutorial_pos_tracking:/home/iko/zed_ws/install/zed_tutorial_depth:/opt/ros/humble LD_LIBRARY_PATH=/home/iko/zed_ws/install/zed_components/lib:/home/iko/zed_ws/install/zed_msgs/lib:/opt/ros/humble/opt/rviz_ogre_vendor/lib:/opt/ros/humble/lib/x86_64-linux-gnu:/opt/ros/humble/lib:/home/iko/orbslam_ws/ORB_SLAM3/lib PYTHONPATH=/home/iko/zed_ws/install/zed_msgs/local/lib/python3.10/dist-packages:${PYTHONPATH} /usr/local/bin/cmake /home/iko/zed_ws/src/zed-ros2-wrapper/zed_ros2 -DAMENT_CMAKE_SYMLINK_INSTALL=1 -DCMAKE_INSTALL_PREFIX=/home/iko/zed_ws/install/zed_ros2
[0.482s] Invoking command in '/home/iko/zed_ws/build/zed_ros2': AMENT_PREFIX_PATH=/home/iko/zed_ws/install/zed_wrapper:/home/iko/zed_ws/install/zed_components:/home/iko/zed_ws/install/zed_msgs:${AMENT_PREFIX_PATH} CMAKE_PREFIX_PATH=/home/iko/zed_ws/install/zed_wrapper:/home/iko/zed_ws/install/zed_components:/home/iko/zed_ws/install/zed_msgs:/home/iko/orbslam_ws/ORB_SLAM3:/home/iko/zed_ws/install/zed_tutorial_video:/home/iko/zed_ws/install/zed_tutorial_pos_tracking:/home/iko/zed_ws/install/zed_tutorial_depth:/opt/ros/humble LD_LIBRARY_PATH=/home/iko/zed_ws/install/zed_components/lib:/home/iko/zed_ws/install/zed_msgs/lib:/opt/ros/humble/opt/rviz_ogre_vendor/lib:/opt/ros/humble/lib/x86_64-linux-gnu:/opt/ros/humble/lib:/home/iko/orbslam_ws/ORB_SLAM3/lib PYTHONPATH=/home/iko/zed_ws/install/zed_msgs/local/lib/python3.10/dist-packages:${PYTHONPATH} /usr/local/bin/cmake --build /home/iko/zed_ws/build/zed_ros2 -- -j16 -l16
[0.505s] Invoked command in '/home/iko/zed_ws/build/zed_ros2' returned '0': AMENT_PREFIX_PATH=/home/iko/zed_ws/install/zed_wrapper:/home/iko/zed_ws/install/zed_components:/home/iko/zed_ws/install/zed_msgs:${AMENT_PREFIX_PATH} CMAKE_PREFIX_PATH=/home/iko/zed_ws/install/zed_wrapper:/home/iko/zed_ws/install/zed_components:/home/iko/zed_ws/install/zed_msgs:/home/iko/orbslam_ws/ORB_SLAM3:/home/iko/zed_ws/install/zed_tutorial_video:/home/iko/zed_ws/install/zed_tutorial_pos_tracking:/home/iko/zed_ws/install/zed_tutorial_depth:/opt/ros/humble LD_LIBRARY_PATH=/home/iko/zed_ws/install/zed_components/lib:/home/iko/zed_ws/install/zed_msgs/lib:/opt/ros/humble/opt/rviz_ogre_vendor/lib:/opt/ros/humble/lib/x86_64-linux-gnu:/opt/ros/humble/lib:/home/iko/orbslam_ws/ORB_SLAM3/lib PYTHONPATH=/home/iko/zed_ws/install/zed_msgs/local/lib/python3.10/dist-packages:${PYTHONPATH} /usr/local/bin/cmake --build /home/iko/zed_ws/build/zed_ros2 -- -j16 -l16
[0.506s] Invoking command in '/home/iko/zed_ws/build/zed_ros2': AMENT_PREFIX_PATH=/home/iko/zed_ws/install/zed_wrapper:/home/iko/zed_ws/install/zed_components:/home/iko/zed_ws/install/zed_msgs:${AMENT_PREFIX_PATH} CMAKE_PREFIX_PATH=/home/iko/zed_ws/install/zed_wrapper:/home/iko/zed_ws/install/zed_components:/home/iko/zed_ws/install/zed_msgs:/home/iko/orbslam_ws/ORB_SLAM3:/home/iko/zed_ws/install/zed_tutorial_video:/home/iko/zed_ws/install/zed_tutorial_pos_tracking:/home/iko/zed_ws/install/zed_tutorial_depth:/opt/ros/humble LD_LIBRARY_PATH=/home/iko/zed_ws/install/zed_components/lib:/home/iko/zed_ws/install/zed_msgs/lib:/opt/ros/humble/opt/rviz_ogre_vendor/lib:/opt/ros/humble/lib/x86_64-linux-gnu:/opt/ros/humble/lib:/home/iko/orbslam_ws/ORB_SLAM3/lib PYTHONPATH=/home/iko/zed_ws/install/zed_msgs/local/lib/python3.10/dist-packages:${PYTHONPATH} /usr/local/bin/cmake --install /home/iko/zed_ws/build/zed_ros2
[0.510s] -- Install configuration: ""
[0.510s] -- Execute custom install script
[0.510s] -- Symlinking: /home/iko/zed_ws/install/zed_ros2/share/ament_index/resource_index/package_run_dependencies/zed_ros2
[0.515s] -- Symlinking: /home/iko/zed_ws/install/zed_ros2/share/ament_index/resource_index/parent_prefix_path/zed_ros2
[0.519s] -- Symlinking: /home/iko/zed_ws/install/zed_ros2/share/zed_ros2/environment/ament_prefix_path.sh
[0.523s] -- Symlinking: /home/iko/zed_ws/install/zed_ros2/share/zed_ros2/environment/ament_prefix_path.dsv
[0.528s] -- Symlinking: /home/iko/zed_ws/install/zed_ros2/share/zed_ros2/environment/path.sh
[0.533s] -- Symlinking: /home/iko/zed_ws/install/zed_ros2/share/zed_ros2/environment/path.dsv
[0.538s] -- Symlinking: /home/iko/zed_ws/install/zed_ros2/share/zed_ros2/local_setup.bash
[0.542s] -- Symlinking: /home/iko/zed_ws/install/zed_ros2/share/zed_ros2/local_setup.sh
[0.546s] -- Symlinking: /home/iko/zed_ws/install/zed_ros2/share/zed_ros2/local_setup.zsh
[0.550s] -- Symlinking: /home/iko/zed_ws/install/zed_ros2/share/zed_ros2/local_setup.dsv
[0.554s] -- Symlinking: /home/iko/zed_ws/install/zed_ros2/share/zed_ros2/package.dsv
[0.558s] -- Symlinking: /home/iko/zed_ws/install/zed_ros2/share/ament_index/resource_index/packages/zed_ros2
[0.563s] -- Symlinking: /home/iko/zed_ws/install/zed_ros2/share/zed_ros2/cmake/zed_ros2Config.cmake
[0.567s] -- Symlinking: /home/iko/zed_ws/install/zed_ros2/share/zed_ros2/cmake/zed_ros2Config-version.cmake
[0.572s] -- Symlinking: /home/iko/zed_ws/install/zed_ros2/share/zed_ros2/package.xml
[0.576s] Invoked command in '/home/iko/zed_ws/build/zed_ros2' returned '0': AMENT_PREFIX_PATH=/home/iko/zed_ws/install/zed_wrapper:/home/iko/zed_ws/install/zed_components:/home/iko/zed_ws/install/zed_msgs:${AMENT_PREFIX_PATH} CMAKE_PREFIX_PATH=/home/iko/zed_ws/install/zed_wrapper:/home/iko/zed_ws/install/zed_components:/home/iko/zed_ws/install/zed_msgs:/home/iko/orbslam_ws/ORB_SLAM3:/home/iko/zed_ws/install/zed_tutorial_video:/home/iko/zed_ws/install/zed_tutorial_pos_tracking:/home/iko/zed_ws/install/zed_tutorial_depth:/opt/ros/humble LD_LIBRARY_PATH=/home/iko/zed_ws/install/zed_components/lib:/home/iko/zed_ws/install/zed_msgs/lib:/opt/ros/humble/opt/rviz_ogre_vendor/lib:/opt/ros/humble/lib/x86_64-linux-gnu:/opt/ros/humble/lib:/home/iko/orbslam_ws/ORB_SLAM3/lib PYTHONPATH=/home/iko/zed_ws/install/zed_msgs/local/lib/python3.10/dist-packages:${PYTHONPATH} /usr/local/bin/cmake --install /home/iko/zed_ws/build/zed_ros2
